[ 2016-12-12T12:01:34+08:00 ] ::1 /houdun_thinkphp/hyc_admin/Js/jquery-1.7.2.min.js
INFO: [ app_init ] --START--
INFO: Run Behavior\BuildLiteBehavior [ RunTime:0.000032s ]
INFO: [ app_init ] --END-- [ RunTime:0.000962s ]
ERR: 无法加载模块:Js

[ 2016-12-12T12:01:34+08:00 ] ::1 /houdun_thinkphp/hyc_admin/Js/index.js
INFO: [ app_init ] --START--
INFO: Run Behavior\BuildLiteBehavior [ RunTime:0.000028s ]
INFO: [ app_init ] --END-- [ RunTime:0.000802s ]
ERR: 无法加载模块:Js

[ 2016-12-12T12:01:34+08:00 ] ::1 /houdun_thinkphp/hyc_admin/Css/index.css
INFO: [ app_init ] --START--
INFO: Run Behavior\BuildLiteBehavior [ RunTime:0.000027s ]
INFO: [ app_init ] --END-- [ RunTime:0.000836s ]
ERR: 无法加载模块:Css

[ 2016-12-12T12:01:34+08:00 ] ::1 /houdun_thinkphp/hyc_admin/Css/public.css
INFO: [ app_init ] --START--
INFO: Run Behavior\BuildLiteBehavior [ RunTime:0.003648s ]
INFO: [ app_init ] --END-- [ RunTime:0.018927s ]
ERR: 无法加载模块:Css

[ 2016-12-12T12:01:34+08:00 ] ::1 /houdun_thinkphp/hyc_admin/Js/index.js
INFO: [ app_init ] --START--
INFO: Run Behavior\BuildLiteBehavior [ RunTime:0.000026s ]
INFO: [ app_init ] --END-- [ RunTime:0.000695s ]
ERR: 无法加载模块:Js

[ 2016-12-12T12:01:34+08:00 ] ::1 /houdun_thinkphp/hyc_admin/Css/index.css
INFO: [ app_init ] --START--
INFO: Run Behavior\BuildLiteBehavior [ RunTime:0.000027s ]
INFO: [ app_init ] --END-- [ RunTime:0.007062s ]
ERR: 无法加载模块:Css

[ 2016-12-12T12:01:34+08:00 ] ::1 /houdun_thinkphp/hyc_admin/Js/jquery-1.7.2.min.js
INFO: [ app_init ] --START--
INFO: Run Behavior\BuildLiteBehavior [ RunTime:0.000025s ]
INFO: [ app_init ] --END-- [ RunTime:0.000734s ]
ERR: 无法加载模块:Js

[ 2016-12-12T12:02:56+08:00 ] ::1 /houdun_thinkphp/hyc_admin/_blank
INFO: [ app_init ] --START--
INFO: Run Behavior\BuildLiteBehavior [ RunTime:0.000029s ]
INFO: [ app_init ] --END-- [ RunTime:0.000815s ]
ERR: 无法加载模块:_blank

[ 2016-12-12T13:39:36+08:00 ] ::1 /houdun_thinkphp/hyc_admin/Login/
INFO: [ app_init ] --START--
INFO: Run Behavior\BuildLiteBehavior [ RunTime:0.000021s ]
INFO: [ app_init ] --END-- [ RunTime:0.000573s ]
ERR: 无法加载模块:Login

[ 2016-12-12T13:49:53+08:00 ] ::1 /houdun_thinkphp/hyc_admin/Login/
INFO: [ app_init ] --START--
INFO: Run Behavior\BuildLiteBehavior [ RunTime:0.000036s ]
INFO: [ app_init ] --END-- [ RunTime:0.000949s ]
ERR: 无法加载模块:Login

[ 2016-12-12T13:49:54+08:00 ] ::1 /houdun_thinkphp/hyc_admin/Login/
INFO: [ app_init ] --START--
INFO: Run Behavior\BuildLiteBehavior [ RunTime:0.000020s ]
INFO: [ app_init ] --END-- [ RunTime:0.000519s ]
ERR: 无法加载模块:Login

[ 2016-12-12T13:49:58+08:00 ] ::1 /houdun_thinkphp/hyc_admin/Login/
INFO: [ app_init ] --START--
INFO: Run Behavior\BuildLiteBehavior [ RunTime:0.000019s ]
INFO: [ app_init ] --END-- [ RunTime:0.000476s ]
ERR: 无法加载模块:Login

[ 2016-12-12T13:50:07+08:00 ] ::1 /houdun_thinkphp/hyc_admin/Login/
INFO: [ app_init ] --START--
INFO: Run Behavior\BuildLiteBehavior [ RunTime:0.000019s ]
INFO: [ app_init ] --END-- [ RunTime:0.000505s ]
ERR: 无法加载模块:Login

[ 2016-12-12T14:04:03+08:00 ] ::1 /houdun_thinkphp/hyc_admin/Login/
INFO: [ app_init ] --START--
INFO: Run Behavior\BuildLiteBehavior [ RunTime:0.000021s ]
INFO: [ app_init ] --END-- [ RunTime:0.000737s ]
ERR: 无法加载模块:Login

[ 2016-12-12T14:04:04+08:00 ] ::1 /houdun_thinkphp/hyc_admin/Login/
INFO: [ app_init ] --START--
INFO: Run Behavior\BuildLiteBehavior [ RunTime:0.000020s ]
INFO: [ app_init ] --END-- [ RunTime:0.000532s ]
ERR: 无法加载模块:Login

[ 2016-12-12T14:04:18+08:00 ] ::1 /houdun_thinkphp/hyc_admin/Login/
INFO: [ app_init ] --START--
INFO: Run Behavior\BuildLiteBehavior [ RunTime:0.000030s ]
INFO: [ app_init ] --END-- [ RunTime:0.000683s ]
ERR: 无法加载模块:Login

[ 2016-12-12T14:04:18+08:00 ] ::1 /houdun_thinkphp/hyc_admin/Login/
INFO: [ app_init ] --START--
INFO: Run Behavior\BuildLiteBehavior [ RunTime:0.000023s ]
INFO: [ app_init ] --END-- [ RunTime:0.000684s ]
ERR: 无法加载模块:Login

[ 2016-12-12T14:04:19+08:00 ] ::1 /houdun_thinkphp/hyc_admin/Login/
INFO: [ app_init ] --START--
INFO: Run Behavior\BuildLiteBehavior [ RunTime:0.000018s ]
INFO: [ app_init ] --END-- [ RunTime:0.000466s ]
ERR: 无法加载模块:Login

[ 2016-12-12T14:04:19+08:00 ] ::1 /houdun_thinkphp/hyc_admin/Login/
INFO: [ app_init ] --START--
INFO: Run Behavior\BuildLiteBehavior [ RunTime:0.000023s ]
INFO: [ app_init ] --END-- [ RunTime:0.000572s ]
ERR: 无法加载模块:Login

[ 2016-12-12T14:04:19+08:00 ] ::1 /houdun_thinkphp/hyc_admin/Login/
INFO: [ app_init ] --START--
INFO: Run Behavior\BuildLiteBehavior [ RunTime:0.000020s ]
INFO: [ app_init ] --END-- [ RunTime:0.000494s ]
ERR: 无法加载模块:Login

[ 2016-12-12T14:04:23+08:00 ] ::1 /houdun_thinkphp/hyc_admin/Index/
INFO: [ app_init ] --START--
INFO: Run Behavior\BuildLiteBehavior [ RunTime:0.000023s ]
INFO: [ app_init ] --END-- [ RunTime:0.000485s ]
ERR: 无法加载模块:Index

[ 2016-12-12T14:04:28+08:00 ] ::1 /houdun_thinkphp/hyc_admin/_blank
INFO: [ app_init ] --START--
INFO: Run Behavior\BuildLiteBehavior [ RunTime:0.000028s ]
INFO: [ app_init ] --END-- [ RunTime:0.000760s ]
ERR: 无法加载模块:_blank

